<?xml version="1.0" encoding="UTF-8"?>
<!-- Generated by org.testng.reporters.JUnitXMLReporter -->
<testsuite hostname="LAPTOP-IGHB7M0S" ignored="0" name="Default test" tests="6" failures="0" timestamp="2023-01-31T16:09:58 IST" time="46.767" errors="0">
  <testcase name="username" time="10.771" classname="com.orange_testng.Orange_testng"/>
  <testcase name="password" time="10.084" classname="com.orange_testng.Orange_testng"/>
  <testcase name="enterusername" time="5.225" classname="com.orange_testng.Orange_testng"/>
  <testcase name="enter_password" time="0.16" classname="com.orange_testng.Orange_testng"/>
  <testcase name="click_action" time="1.287" classname="com.orange_testng.Orange_testng"/>
  <testcase name="menuoption" time="10.085" classname="com.orange_testng.Orange_testng"/>
</testsuite> <!-- Default test -->
