<?xml version="1.0" encoding="UTF-8"?>
<!-- Generated by org.testng.reporters.JUnitXMLReporter -->
<testsuite hostname="LAPTOP-IGHB7M0S" ignored="4" name="Test" tests="2" failures="2" timestamp="2023-01-14T13:31:18 IST" time="0.063" errors="0">
  <testcase name="username" time="0.011" classname="com.orange_testng.Orange_testng">
    <failure type="java.lang.NullPointerException">
      <![CDATA[java.lang.NullPointerException
at com.orange_testng.Orange_testng.username(Orange_testng.java:52)
at java.util.ArrayList.forEach(ArrayList.java:1257)
... Removed 27 stack frames]]>
    </failure>
  </testcase> <!-- username -->
  <testcase name="password" time="0.005" classname="com.orange_testng.Orange_testng">
    <failure type="java.lang.NullPointerException">
      <![CDATA[java.lang.NullPointerException
at com.orange_testng.Orange_testng.password(Orange_testng.java:67)
at java.util.ArrayList.forEach(ArrayList.java:1257)
... Removed 27 stack frames]]>
    </failure>
  </testcase> <!-- password -->
  <testcase name="click_action" time="0.0" classname="com.orange_testng.Orange_testng">
    <ignored/>
  </testcase> <!-- click_action -->
  <testcase name="enter_password" time="0.0" classname="com.orange_testng.Orange_testng">
    <ignored/>
  </testcase> <!-- enter_password -->
  <testcase name="enterusername" time="0.0" classname="com.orange_testng.Orange_testng">
    <ignored/>
  </testcase> <!-- enterusername -->
  <testcase name="menuoption" time="0.0" classname="com.orange_testng.Orange_testng">
    <ignored/>
  </testcase> <!-- menuoption -->
</testsuite> <!-- Test -->
