<?xml version="1.0" encoding="UTF-8"?>
<!-- Generated by org.testng.reporters.JUnitXMLReporter -->
<testsuite hostname="LAPTOP-IGHB7M0S" ignored="4" name="Test" tests="2" failures="0" timestamp="2023-01-14T13:54:53 IST" time="22.979" errors="0">
  <testcase name="username" time="6.848" classname="com.orange_testng.Orange_testng"/>
  <testcase name="password" time="6.066" classname="com.orange_testng.Orange_testng"/>
  <testcase name="click_action" time="0.0" classname="com.orange_testng.Orange_testng">
    <ignored/>
  </testcase> <!-- click_action -->
  <testcase name="enter_password" time="0.0" classname="com.orange_testng.Orange_testng">
    <ignored/>
  </testcase> <!-- enter_password -->
  <testcase name="enterusername" time="0.0" classname="com.orange_testng.Orange_testng">
    <ignored/>
  </testcase> <!-- enterusername -->
  <testcase name="menuoption" time="0.0" classname="com.orange_testng.Orange_testng">
    <ignored/>
  </testcase> <!-- menuoption -->
</testsuite> <!-- Test -->
